<?xml version="1.0" encoding="UTF-8"?>
<!-- Generated by org.testng.reporters.JUnitReportReporter -->
<testsuite skipped="1" hostname="LT092623" name="testcases.homePage" tests="3" failures="0" timestamp="04 Apr 2020 06:36:04 GMT" time="10.414" errors="0">
  <testcase name="initialization" time="6.931" classname="testcases.homePage"/>
  <testcase name="testCase" time="3.483" classname="testcases.homePage"/>
  <testcase name="launchUrl" classname="testcases.homePage">
    <skipped/>
  </testcase> <!-- launchUrl -->
</testsuite> <!-- testcases.homePage -->
