<?xml version="1.0" encoding="UTF-8"?>
<!-- Generated by org.testng.reporters.JUnitReportReporter -->
<testsuite skipped="0" hostname="LT092623" name="basePackage.baseClass" tests="1" failures="0" timestamp="03 Apr 2020 11:52:02 GMT" time="7.590" errors="0">
  <testcase name="initialization" time="7.590" classname="basePackage.baseClass"/>
</testsuite> <!-- basePackage.baseClass -->
