<?xml version="1.0" encoding="UTF-8"?>
<!-- Generated by org.testng.reporters.JUnitReportReporter -->
<testsuite skipped="0" hostname="LT092623" name="testcases.LoginTestcase" tests="1" failures="0" timestamp="07 Apr 2020 11:02:46 GMT" time="12.751" errors="0">
  <testcase name="testCase1" time="12.751" classname="testcases.LoginTestcase"/>
</testsuite> <!-- testcases.LoginTestcase -->
